2024-07-08 23:50:41,788 - root - INFO - Успешно загружены 6705 операций
2024-07-08 23:50:41,819 - root - INFO - Дата фрейм наш             Дата операции  ... Сумма операции с округлением
0     31.12.2021 16:44:00  ...                       160.89
1     31.12.2021 16:42:04  ...                        64.00
2     31.12.2021 16:39:04  ...                       118.12
3     31.12.2021 15:44:39  ...                        78.05
4     31.12.2021 01:23:42  ...                       564.00
...                   ...  ...                          ...
6700  04.01.2018 14:05:08  ...                      1065.90
6701  03.01.2018 15:03:35  ...                        73.06
6702  03.01.2018 14:55:21  ...                        21.00
6703  01.01.2018 20:27:51  ...                       316.00
6704  01.01.2018 12:49:53  ...                      3000.00

[6705 rows x 15 columns]
2024-07-08 23:50:41,820 - root - INFO - Дата 2021-07-06 19:27:30
2024-07-08 23:50:41,820 - root - INFO - Старт дейт 2021-04-07 19:27:30
2024-07-08 23:50:41,843 - root - INFO - Дата операции 0      2021-12-31 16:44:00
1      2021-12-31 16:42:04
2      2021-12-31 16:39:04
3      2021-12-31 15:44:39
4      2021-12-31 01:23:42
               ...        
6700   2018-01-04 14:05:08
6701   2018-01-03 15:03:35
6702   2018-01-03 14:55:21
6703   2018-01-01 20:27:51
6704   2018-01-01 12:49:53
Name: Дата операции, Length: 6705, dtype: datetime64[ns]
